lerna(info)    Lerna v2.0.0-beta.30
lerna(debug)   Attempting running RunCommand.initialize
lerna(debug)   Successfully ran RunCommand.initialize
lerna(debug)   Attempting running RunCommand.execute
lerna(info)    
> tatami@0.0.1 prestart /Users/jeroldan/Code/github/ywana/zendo/packages/tatami
> npm run copy-files


> tatami@0.0.1 copy-files /Users/jeroldan/Code/github/ywana/zendo/packages/tatami
> cpy src/site/* dist


lerna(error)   Errored while running npm script 'start' in 'tatami'
    Error: Command failed: npm run start 
    sh: cpy: command not found
    
    npm ERR! Darwin 16.1.0
    npm ERR! argv "/Users/jeroldan/.nvm/versions/node/v6.5.0/bin/node" "/Users/jeroldan/.nvm/versions/node/v6.5.0/bin/npm" "run" "copy-files"
    npm ERR! node v6.5.0
    npm ERR! npm  v3.10.3
    npm ERR! file sh
    npm ERR! code ELIFECYCLE
    npm ERR! errno ENOENT
    npm ERR! syscall spawn
    npm ERR! tatami@0.0.1 copy-files: `cpy src/site/* dist`
    npm ERR! spawn ENOENT
    npm ERR! 
    npm ERR! Failed at the tatami@0.0.1 copy-files script 'cpy src/site/* dist'.
    npm ERR! Make sure you have the latest version of node.js and npm installed.
    npm ERR! If you do, this is most likely a problem with the tatami package,
    npm ERR! not with npm itself.
    npm ERR! Tell the author that this fails on your system:
    npm ERR!     cpy src/site/* dist
    npm ERR! You can get information on how to open an issue for this project with:
    npm ERR!     npm bugs tatami
    npm ERR! Or if that isn't available, you can get their info via:
    npm ERR!     npm owner ls tatami
    npm ERR! There is likely additional logging output above.
    
    npm ERR! Please include the following file with any support request:
    npm ERR!     /Users/jeroldan/Code/github/ywana/zendo/packages/tatami/npm-debug.log
    
    npm ERR! Darwin 16.1.0
    npm ERR! argv "/Users/jeroldan/.nvm/versions/node/v6.5.0/bin/node" "/Users/jeroldan/.nvm/versions/node/v6.5.0/bin/npm" "run" "start"
    npm ERR! node v6.5.0
    npm ERR! npm  v3.10.3
    npm ERR! code ELIFECYCLE
    npm ERR! tatami@0.0.1 prestart: `npm run copy-files`
    npm ERR! Exit status 1
    npm ERR! 
    npm ERR! Failed at the tatami@0.0.1 prestart script 'npm run copy-files'.
    npm ERR! Make sure you have the latest version of node.js and npm installed.
    npm ERR! If you do, this is most likely a problem with the tatami package,
    npm ERR! not with npm itself.
    npm ERR! Tell the author that this fails on your system:
    npm ERR!     npm run copy-files
    npm ERR! You can get information on how to open an issue for this project with:
    npm ERR!     npm bugs tatami
    npm ERR! Or if that isn't available, you can get their info via:
    npm ERR!     npm owner ls tatami
    npm ERR! There is likely additional logging output above.
    
    npm ERR! Please include the following file with any support request:
    npm ERR!     /Users/jeroldan/Code/github/ywana/zendo/packages/tatami/npm-debug.log
    
        at ChildProcess.exithandler (child_process.js:206:12)
        at emitTwo (events.js:106:13)
        at ChildProcess.emit (events.js:191:7)
        at maybeClose (internal/child_process.js:877:16)
        at Socket.<anonymous> (internal/child_process.js:334:11)
        at emitOne (events.js:96:13)
        at Socket.emit (events.js:188:7)
        at Pipe._handle.close [as _onclose] (net.js:493:12)
lerna(error)   Errored while running RunCommand.execute
